<?xml version="1.0" encoding="UTF-8"?>
<testsuite xmlns:xsi="http://www.w3.org/2001/XMLSchema-instance" xsi:noNamespaceSchemaLocation="https://maven.apache.org/surefire/maven-surefire-plugin/xsd/surefire-test-report-3.0.xsd" version="3.0" name="com.example.demo.DemoApplicationTests" time="7.847" tests="1" errors="0" skipped="0" failures="0">
  <properties>
[...]
</properties>
  <testcase name="contextLoads" classname="com.example.demo.DemoApplicationTests" time="0.584">
    <system-out><![CDATA[
  .   ____          _            __ _ _
 /\\ / ___'_ __ _ _(_)_ __  __ _ \ \ \ \
( ( )\___ | '_ | '_| | '_ \/ _` | \ \ \ \
 \\/  ___)| |_)| | | | | || (_| |  ) ) ) )
  '  |____| .__|_| |_|_| |_\__, | / / / /
 =========|_|==============|___/=/_/_/_/

 :: Spring Boot ::                (v3.3.3)

2024-11-11T13:29:44.695-05:00  INFO 27224 --- [demo] [           main] com.example.demo.DemoApplicationTests    : Starting DemoApplicationTests using Java 22 with PID 27224 (started by andre in C:\Users\andre\OneDrive\Escritorio\nico\Back_End)
2024-11-11T13:29:44.698-05:00  INFO 27224 --- [demo] [           main] com.example.demo.DemoApplicationTests    : No active profile set, falling back to 1 default profile: "default"
2024-11-11T13:29:45.555-05:00  INFO 27224 --- [demo] [           main] .s.d.r.c.RepositoryConfigurationDelegate : Multiple Spring Data modules found, entering strict repository configuration mode
2024-11-11T13:29:45.557-05:00  INFO 27224 --- [demo] [           main] .s.d.r.c.RepositoryConfigurationDelegate : Bootstrapping Spring Data JDBC repositories in DEFAULT mode.
2024-11-11T13:29:45.597-05:00  INFO 27224 --- [demo] [           main] .RepositoryConfigurationExtensionSupport : Spring Data JDBC - Could not safely identify store assignment for repository candidate interface com.example.sport_full.repositories.IClientRepository; If you want this repository to be a JDBC repository, consider annotating your entities with one of these annotations: org.springframework.data.relational.core.mapping.Table.
2024-11-11T13:29:45.601-05:00  INFO 27224 --- [demo] [           main] .RepositoryConfigurationExtensionSupport : Spring Data JDBC - Could not safely identify store assignment for repository candidate interface com.example.sport_full.repositories.ICompanyRepository; If you want this repository to be a JDBC repository, consider annotating your entities with one of these annotations: org.springframework.data.relational.core.mapping.Table.
2024-11-11T13:29:45.603-05:00  INFO 27224 --- [demo] [           main] .RepositoryConfigurationExtensionSupport : Spring Data JDBC - Could not safely identify store assignment for repository candidate interface com.example.sport_full.repositories.IFieldRepository; If you want this repository to be a JDBC repository, consider annotating your entities with one of these annotations: org.springframework.data.relational.core.mapping.Table.
2024-11-11T13:29:45.606-05:00  INFO 27224 --- [demo] [           main] .RepositoryConfigurationExtensionSupport : Spring Data JDBC - Could not safely identify store assignment for repository candidate interface com.example.sport_full.repositories.IGestorRepository; If you want this repository to be a JDBC repository, consider annotating your entities with one of these annotations: org.springframework.data.relational.core.mapping.Table.
2024-11-11T13:29:45.608-05:00  INFO 27224 --- [demo] [           main] .RepositoryConfigurationExtensionSupport : Spring Data JDBC - Could not safely identify store assignment for repository candidate interface com.example.sport_full.repositories.IReservationsRepository; If you want this repository to be a JDBC repository, consider annotating your entities with one of these annotations: org.springframework.data.relational.core.mapping.Table.
2024-11-11T13:29:45.610-05:00  INFO 27224 --- [demo] [           main] .RepositoryConfigurationExtensionSupport : Spring Data JDBC - Could not safely identify store assignment for repository candidate interface com.example.sport_full.repositories.IUserRepository; If you want this repository to be a JDBC repository, consider annotating your entities with one of these annotations: org.springframework.data.relational.core.mapping.Table.
2024-11-11T13:29:45.611-05:00  INFO 27224 --- [demo] [           main] .s.d.r.c.RepositoryConfigurationDelegate : Finished Spring Data repository scanning in 48 ms. Found 0 JDBC repository interfaces.
2024-11-11T13:29:45.627-05:00  INFO 27224 --- [demo] [           main] .s.d.r.c.RepositoryConfigurationDelegate : Multiple Spring Data modules found, entering strict repository configuration mode
2024-11-11T13:29:45.629-05:00  INFO 27224 --- [demo] [           main] .s.d.r.c.RepositoryConfigurationDelegate : Bootstrapping Spring Data JPA repositories in DEFAULT mode.
2024-11-11T13:29:45.681-05:00  INFO 27224 --- [demo] [           main] .s.d.r.c.RepositoryConfigurationDelegate : Finished Spring Data repository scanning in 47 ms. Found 6 JPA repository interfaces.
2024-11-11T13:29:46.286-05:00  INFO 27224 --- [demo] [           main] o.hibernate.jpa.internal.util.LogHelper  : HHH000204: Processing PersistenceUnitInfo [name: default]
2024-11-11T13:29:46.364-05:00  INFO 27224 --- [demo] [           main] org.hibernate.Version                    : HHH000412: Hibernate ORM core version 6.5.2.Final
2024-11-11T13:29:46.407-05:00  INFO 27224 --- [demo] [           main] o.h.c.internal.RegionFactoryInitiator    : HHH000026: Second-level cache disabled
2024-11-11T13:29:46.532-05:00 DEBUG 27224 --- [demo] [           main] org.hibernate.type.BasicTypeRegistry     : Adding type registration boolean -> org.hibernate.type.BasicTypeReference@1b24ea2a
2024-11-11T13:29:46.532-05:00 DEBUG 27224 --- [demo] [           main] org.hibernate.type.BasicTypeRegistry     : Adding type registration boolean -> org.hibernate.type.BasicTypeReference@1b24ea2a
2024-11-11T13:29:46.532-05:00 DEBUG 27224 --- [demo] [           main] org.hibernate.type.BasicTypeRegistry     : Adding type registration java.lang.Boolean -> org.hibernate.type.BasicTypeReference@1b24ea2a
2024-11-11T13:29:46.532-05:00 DEBUG 27224 --- [demo] [           main] org.hibernate.type.BasicTypeRegistry     : Adding type registration numeric_boolean -> org.hibernate.type.BasicTypeReference@5df6163a
2024-11-11T13:29:46.532-05:00 DEBUG 27224 --- [demo] [           main] org.hibernate.type.BasicTypeRegistry     : Adding type registration org.hibernate.type.NumericBooleanConverter -> org.hibernate.type.BasicTypeReference@5df6163a
2024-11-11T13:29:46.533-05:00 DEBUG 27224 --- [demo] [           main] org.hibernate.type.BasicTypeRegistry     : Adding type registration true_false -> org.hibernate.type.BasicTypeReference@2d313c8c
2024-11-11T13:29:46.533-05:00 DEBUG 27224 --- [demo] [           main] org.hibernate.type.BasicTypeRegistry     : Adding type registration org.hibernate.type.TrueFalseConverter -> org.hibernate.type.BasicTypeReference@2d313c8c
2024-11-11T13:29:46.533-05:00 DEBUG 27224 --- [demo] [           main] org.hibernate.type.BasicTypeRegistry     : Adding type registration yes_no -> org.hibernate.type.BasicTypeReference@2df65a56
2024-11-11T13:29:46.533-05:00 DEBUG 27224 --- [demo] [           main] org.hibernate.type.BasicTypeRegistry     : Adding type registration org.hibernate.type.YesNoConverter -> org.hibernate.type.BasicTypeReference@2df65a56
2024-11-11T13:29:46.534-05:00 DEBUG 27224 --- [demo] [           main] org.hibernate.type.BasicTypeRegistry     : Adding type registration byte -> org.hibernate.type.BasicTypeReference@113f9078
2024-11-11T13:29:46.534-05:00 DEBUG 27224 --- [demo] [           main] org.hibernate.type.BasicTypeRegistry     : Adding type registration byte -> org.hibernate.type.BasicTypeReference@113f9078
2024-11-11T13:29:46.534-05:00 DEBUG 27224 --- [demo] [           main] org.hibernate.type.BasicTypeRegistry     : Adding type registration java.lang.Byte -> org.hibernate.type.BasicTypeReference@113f9078
2024-11-11T13:29:46.534-05:00 DEBUG 27224 --- [demo] [           main] org.hibernate.type.BasicTypeRegistry     : Adding type registration binary -> org.hibernate.type.BasicTypeReference@7c1503a3
2024-11-11T13:29:46.534-05:00 DEBUG 27224 --- [demo] [           main] org.hibernate.type.BasicTypeRegistry     : Adding type registration byte[] -> org.hibernate.type.BasicTypeReference@7c1503a3
2024-11-11T13:29:46.534-05:00 DEBUG 27224 --- [demo] [           main] org.hibernate.type.BasicTypeRegistry     : Adding type registration [B -> org.hibernate.type.BasicTypeReference@7c1503a3
2024-11-11T13:29:46.534-05:00 DEBUG 27224 --- [demo] [           main] org.hibernate.type.BasicTypeRegistry     : Adding type registration binary_wrapper -> org.hibernate.type.BasicTypeReference@586495f1
2024-11-11T13:29:46.534-05:00 DEBUG 27224 --- [demo] [           main] org.hibernate.type.BasicTypeRegistry     : Adding type registration wrapper-binary -> org.hibernate.type.BasicTypeReference@586495f1
2024-11-11T13:29:46.534-05:00 DEBUG 27224 --- [demo] [           main] org.hibernate.type.BasicTypeRegistry     : Adding type registration image -> org.hibernate.type.BasicTypeReference@47df5041
2024-11-11T13:29:46.535-05:00 DEBUG 27224 --- [demo] [           main] org.hibernate.type.BasicTypeRegistry     : Adding type registration blob -> org.hibernate.type.BasicTypeReference@2a0ea492
2024-11-11T13:29:46.535-05:00 DEBUG 27224 --- [demo] [           main] org.hibernate.type.BasicTypeRegistry     : Adding type registration java.sql.Blob -> org.hibernate.type.BasicTypeReference@2a0ea492
2024-11-11T13:29:46.535-05:00 DEBUG 27224 --- [demo] [           main] org.hibernate.type.BasicTypeRegistry     : Adding type registration materialized_blob -> org.hibernate.type.BasicTypeReference@7e52a26b
2024-11-11T13:29:46.535-05:00 DEBUG 27224 --- [demo] [           main] org.hibernate.type.BasicTypeRegistry     : Adding type registration materialized_blob_wrapper -> org.hibernate.type.BasicTypeReference@2e56b4d
2024-11-11T13:29:46.535-05:00 DEBUG 27224 --- [demo] [           main] org.hibernate.type.BasicTypeRegistry     : Adding type registration short -> org.hibernate.type.BasicTypeReference@3f857e08
2024-11-11T13:29:46.535-05:00 DEBUG 27224 --- [demo] [           main] org.hibernate.type.BasicTypeRegistry     : Adding type registration short -> org.hibernate.type.BasicTypeReference@3f857e08
2024-11-11T13:29:46.535-05:00 DEBUG 27224 --- [demo] [           main] org.hibernate.type.BasicTypeRegistry     : Adding type registration java.lang.Short -> org.hibernate.type.BasicTypeReference@3f857e08
2024-11-11T13:29:46.535-05:00 DEBUG 27224 --- [demo] [           main] org.hibernate.type.BasicTypeRegistry     : Adding type registration integer -> org.hibernate.type.BasicTypeReference@6070775e
2024-11-11T13:29:46.535-05:00 DEBUG 27224 --- [demo] [           main] org.hibernate.type.BasicTypeRegistry     : Adding type registration int -> org.hibernate.type.BasicTypeReference@6070775e
2024-11-11T13:29:46.536-05:00 DEBUG 27224 --- [demo] [           main] org.hibernate.type.BasicTypeRegistry     : Adding type registration java.lang.Integer -> org.hibernate.type.BasicTypeReference@6070775e
2024-11-11T13:29:46.536-05:00 DEBUG 27224 --- [demo] [           main] org.hibernate.type.BasicTypeRegistry     : Adding type registration long -> org.hibernate.type.BasicTypeReference@b5ac0c1
2024-11-11T13:29:46.536-05:00 DEBUG 27224 --- [demo] [           main] org.hibernate.type.BasicTypeRegistry     : Adding type registration long -> org.hibernate.type.BasicTypeReference@b5ac0c1
2024-11-11T13:29:46.536-05:00 DEBUG 27224 --- [demo] [           main] org.hibernate.type.BasicTypeRegistry     : Adding type registration java.lang.Long -> org.hibernate.type.BasicTypeReference@b5ac0c1
2024-11-11T13:29:46.536-05:00 DEBUG 27224 --- [demo] [           main] org.hibernate.type.BasicTypeRegistry     : Adding type registration float -> org.hibernate.type.BasicTypeReference@224c7de4
2024-11-11T13:29:46.536-05:00 DEBUG 27224 --- [demo] [           main] org.hibernate.type.BasicTypeRegistry     : Adding type registration float -> org.hibernate.type.BasicTypeReference@224c7de4
2024-11-11T13:29:46.536-05:00 DEBUG 27224 --- [demo] [           main] org.hibernate.type.BasicTypeRegistry     : Adding type registration java.lang.Float -> org.hibernate.type.BasicTypeReference@224c7de4
2024-11-11T13:29:46.536-05:00 DEBUG 27224 --- [demo] [           main] org.hibernate.type.BasicTypeRegistry     : Adding type registration double -> org.hibernate.type.BasicTypeReference@36ad229b
2024-11-11T13:29:46.536-05:00 DEBUG 27224 --- [demo] [           main] org.hibernate.type.BasicTypeRegistry     : Adding type registration double -> org.hibernate.type.BasicTypeReference@36ad229b
2024-11-11T13:29:46.537-05:00 DEBUG 27224 --- [demo] [           main] org.hibernate.type.BasicTypeRegistry     : Adding type registration java.lang.Double -> org.hibernate.type.BasicTypeReference@36ad229b
2024-11-11T13:29:46.537-05:00 DEBUG 27224 --- [demo] [           main] org.hibernate.type.BasicTypeRegistry     : Adding type registration big_integer -> org.hibernate.type.BasicTypeReference@55846997
2024-11-11T13:29:46.537-05:00 DEBUG 27224 --- [demo] [           main] org.hibernate.type.BasicTypeRegistry     : Adding type registration java.math.BigInteger -> org.hibernate.type.BasicTypeReference@55846997
2024-11-11T13:29:46.537-05:00 DEBUG 27224 --- [demo] [           main] org.hibernate.type.BasicTypeRegistry     : Adding type registration big_decimal -> org.hibernate.type.BasicTypeReference@805e72e
2024-11-11T13:29:46.537-05:00 DEBUG 27224 --- [demo] [           main] org.hibernate.type.BasicTypeRegistry     : Adding type registration java.math.BigDecimal -> org.hibernate.type.BasicTypeReference@805e72e
2024-11-11T13:29:46.537-05:00 DEBUG 27224 --- [demo] [           main] org.hibernate.type.BasicTypeRegistry     : Adding type registration character -> org.hibernate.type.BasicTypeReference@49671897
2024-11-11T13:29:46.537-05:00 DEBUG 27224 --- [demo] [           main] org.hibernate.type.BasicTypeRegistry     : Adding type registration char -> org.hibernate.type.BasicTypeReference@49671897
2024-11-11T13:29:46.537-05:00 DEBUG 27224 --- [demo] [           main] org.hibernate.type.BasicTypeRegistry     : Adding type registration java.lang.Character -> org.hibernate.type.BasicTypeReference@49671897
2024-11-11T13:29:46.537-05:00 DEBUG 27224 --- [demo] [           main] org.hibernate.type.BasicTypeRegistry     : Adding type registration character_nchar -> org.hibernate.type.BasicTypeReference@168142da
2024-11-11T13:29:46.538-05:00 DEBUG 27224 --- [demo] [           main] org.hibernate.type.BasicTypeRegistry     : Adding type registration string -> org.hibernate.type.BasicTypeReference@60bf494c
2024-11-11T13:29:46.538-05:00 DEBUG 27224 --- [demo] [           main] org.hibernate.type.BasicTypeRegistry     : Adding type registration java.lang.String -> org.hibernate.type.BasicTypeReference@60bf494c
2024-11-11T13:29:46.538-05:00 DEBUG 27224 --- [demo] [           main] org.hibernate.type.BasicTypeRegistry     : Adding type registration nstring -> org.hibernate.type.BasicTypeReference@47a4eee2
2024-11-11T13:29:46.538-05:00 DEBUG 27224 --- [demo] [           main] org.hibernate.type.BasicTypeRegistry     : Adding type registration characters -> org.hibernate.type.BasicTypeReference@36f6e521
2024-11-11T13:29:46.538-05:00 DEBUG 27224 --- [demo] [           main] org.hibernate.type.BasicTypeRegistry     : Adding type registration char[] -> org.hibernate.type.BasicTypeReference@36f6e521
2024-11-11T13:29:46.538-05:00 DEBUG 27224 --- [demo] [           main] org.hibernate.type.BasicTypeRegistry     : Adding type registration [C -> org.hibernate.type.BasicTypeReference@36f6e521
2024-11-11T13:29:46.538-05:00 DEBUG 27224 --- [demo] [           main] org.hibernate.type.BasicTypeRegistry     : Adding type registration wrapper-characters -> org.hibernate.type.BasicTypeReference@2afdf6b7
2024-11-11T13:29:46.538-05:00 DEBUG 27224 --- [demo] [           main] org.hibernate.type.BasicTypeRegistry     : Adding type registration text -> org.hibernate.type.BasicTypeReference@30922f8d
2024-11-11T13:29:46.539-05:00 DEBUG 27224 --- [demo] [           main] org.hibernate.type.BasicTypeRegistry     : Adding type registration ntext -> org.hibernate.type.BasicTypeReference@50211483
2024-11-11T13:29:46.539-05:00 DEBUG 27224 --- [demo] [           main] org.hibernate.type.BasicTypeRegistry     : Adding type registration clob -> org.hibernate.type.BasicTypeReference@51ff3c4b
2024-11-11T13:29:46.539-05:00 DEBUG 27224 --- [demo] [           main] org.hibernate.type.BasicTypeRegistry     : Adding type registration java.sql.Clob -> org.hibernate.type.BasicTypeReference@51ff3c4b
2024-11-11T13:29:46.539-05:00 DEBUG 27224 --- [demo] [           main] org.hibernate.type.BasicTypeRegistry     : Adding type registration nclob -> org.hibernate.type.BasicTypeReference@1472208d
2024-11-11T13:29:46.539-05:00 DEBUG 27224 --- [demo] [           main] org.hibernate.type.BasicTypeRegistry     : Adding type registration java.sql.NClob -> org.hibernate.type.BasicTypeReference@1472208d
2024-11-11T13:29:46.539-05:00 DEBUG 27224 --- [demo] [           main] org.hibernate.type.BasicTypeRegistry     : Adding type registration materialized_clob -> org.hibernate.type.BasicTypeReference@35bd8bc9
2024-11-11T13:29:46.539-05:00 DEBUG 27224 --- [demo] [           main] org.hibernate.type.BasicTypeRegistry     : Adding type registration materialized_clob_char_array -> org.hibernate.type.BasicTypeReference@6de004f1
2024-11-11T13:29:46.539-05:00 DEBUG 27224 --- [demo] [           main] org.hibernate.type.BasicTypeRegistry     : Adding type registration materialized_clob_character_array -> org.hibernate.type.BasicTypeReference@45d56062
2024-11-11T13:29:46.539-05:00 DEBUG 27224 --- [demo] [           main] org.hibernate.type.BasicTypeRegistry     : Adding type registration materialized_nclob -> org.hibernate.type.BasicTypeReference@4026461d
2024-11-11T13:29:46.540-05:00 DEBUG 27224 --- [demo] [           main] org.hibernate.type.BasicTypeRegistry     : Adding type registration materialized_nclob_character_array -> org.hibernate.type.BasicTypeReference@191c6e13
2024-11-11T13:29:46.540-05:00 DEBUG 27224 --- [demo] [           main] org.hibernate.type.BasicTypeRegistry     : Adding type registration materialized_nclob_char_array -> org.hibernate.type.BasicTypeReference@7436364d
2024-11-11T13:29:46.540-05:00 DEBUG 27224 --- [demo] [           main] org.hibernate.type.BasicTypeRegistry     : Adding type registration Duration -> org.hibernate.type.BasicTypeReference@1a8e9ed9
2024-11-11T13:29:46.540-05:00 DEBUG 27224 --- [demo] [           main] org.hibernate.type.BasicTypeRegistry     : Adding type registration java.time.Duration -> org.hibernate.type.BasicTypeReference@1a8e9ed9
2024-11-11T13:29:46.540-05:00 DEBUG 27224 --- [demo] [           main] org.hibernate.type.BasicTypeRegistry     : Adding type registration LocalDateTime -> org.hibernate.type.BasicTypeReference@68ea253b
2024-11-11T13:29:46.540-05:00 DEBUG 27224 --- [demo] [           main] org.hibernate.type.BasicTypeRegistry     : Adding type registration java.time.LocalDateTime -> org.hibernate.type.BasicTypeReference@68ea253b
2024-11-11T13:29:46.540-05:00 DEBUG 27224 --- [demo] [           main] org.hibernate.type.BasicTypeRegistry     : Adding type registration LocalDate -> org.hibernate.type.BasicTypeReference@12fcb2c3
2024-11-11T13:29:46.540-05:00 DEBUG 27224 --- [demo] [           main] org.hibernate.type.BasicTypeRegistry     : Adding type registration java.time.LocalDate -> org.hibernate.type.BasicTypeReference@12fcb2c3
2024-11-11T13:29:46.540-05:00 DEBUG 27224 --- [demo] [           main] org.hibernate.type.BasicTypeRegistry     : Adding type registration LocalTime -> org.hibernate.type.BasicTypeReference@57bd6a8f
2024-11-11T13:29:46.540-05:00 DEBUG 27224 --- [demo] [           main] org.hibernate.type.BasicTypeRegistry     : Adding type registration java.time.LocalTime -> org.hibernate.type.BasicTypeReference@57bd6a8f
2024-11-11T13:29:46.541-05:00 DEBUG 27224 --- [demo] [           main] org.hibernate.type.BasicTypeRegistry     : Adding type registration OffsetDateTime -> org.hibernate.type.BasicTypeReference@39ab5ef7
2024-11-11T13:29:46.541-05:00 DEBUG 27224 --- [demo] [           main] org.hibernate.type.BasicTypeRegistry     : Adding type registration java.time.OffsetDateTime -> org.hibernate.type.BasicTypeReference@39ab5ef7
2024-11-11T13:29:46.541-05:00 DEBUG 27224 --- [demo] [           main] org.hibernate.type.BasicTypeRegistry     : Adding type registration OffsetDateTimeWithTimezone -> org.hibernate.type.BasicTypeReference@517704
2024-11-11T13:29:46.541-05:00 DEBUG 27224 --- [demo] [           main] org.hibernate.type.BasicTypeRegistry     : Adding type registration OffsetDateTimeWithoutTimezone -> org.hibernate.type.BasicTypeReference@77cca767
2024-11-11T13:29:46.541-05:00 DEBUG 27224 --- [demo] [           main] org.hibernate.type.BasicTypeRegistry     : Adding type registration OffsetTime -> org.hibernate.type.BasicTypeReference@4b195203
2024-11-11T13:29:46.541-05:00 DEBUG 27224 --- [demo] [           main] org.hibernate.type.BasicTypeRegistry     : Adding type registration java.time.OffsetTime -> org.hibernate.type.BasicTypeReference@4b195203
2024-11-11T13:29:46.541-05:00 DEBUG 27224 --- [demo] [           main] org.hibernate.type.BasicTypeRegistry     : Adding type registration OffsetTimeUtc -> org.hibernate.type.BasicTypeReference@28a6e171
2024-11-11T13:29:46.541-05:00 DEBUG 27224 --- [demo] [           main] org.hibernate.type.BasicTypeRegistry     : Adding type registration OffsetTimeWithTimezone -> org.hibernate.type.BasicTypeReference@23444a36
2024-11-11T13:29:46.541-05:00 DEBUG 27224 --- [demo] [           main] org.hibernate.type.BasicTypeRegistry     : Adding type registration OffsetTimeWithoutTimezone -> org.hibernate.type.BasicTypeReference@31a136a6
2024-11-11T13:29:46.542-05:00 DEBUG 27224 --- [demo] [           main] org.hibernate.type.BasicTypeRegistry     : Adding type registration ZonedDateTime -> org.hibernate.type.BasicTypeReference@30a9e3db
2024-11-11T13:29:46.542-05:00 DEBUG 27224 --- [demo] [           main] org.hibernate.type.BasicTypeRegistry     : Adding type registration java.time.ZonedDateTime -> org.hibernate.type.BasicTypeReference@30a9e3db
2024-11-11T13:29:46.542-05:00 DEBUG 27224 --- [demo] [           main] org.hibernate.type.BasicTypeRegistry     : Adding type registration ZonedDateTimeWithTimezone -> org.hibernate.type.BasicTypeReference@2f9b21d6
2024-11-11T13:29:46.542-05:00 DEBUG 27224 --- [demo] [           main] org.hibernate.type.BasicTypeRegistry     : Adding type registration ZonedDateTimeWithoutTimezone -> org.hibernate.type.BasicTypeReference@2e0fdbe9
2024-11-11T13:29:46.542-05:00 DEBUG 27224 --- [demo] [           main] org.hibernate.type.BasicTypeRegistry     : Adding type registration date -> org.hibernate.type.BasicTypeReference@16a3cc88
2024-11-11T13:29:46.542-05:00 DEBUG 27224 --- [demo] [           main] org.hibernate.type.BasicTypeRegistry     : Adding type registration java.sql.Date -> org.hibernate.type.BasicTypeReference@16a3cc88
2024-11-11T13:29:46.542-05:00 DEBUG 27224 --- [demo] [           main] org.hibernate.type.BasicTypeRegistry     : Adding type registration time -> org.hibernate.type.BasicTypeReference@696b52bc
2024-11-11T13:29:46.542-05:00 DEBUG 27224 --- [demo] [           main] org.hibernate.type.BasicTypeRegistry     : Adding type registration java.sql.Time -> org.hibernate.type.BasicTypeReference@696b52bc
2024-11-11T13:29:46.542-05:00 DEBUG 27224 --- [demo] [           main] org.hibernate.type.BasicTypeRegistry     : Adding type registration timestamp -> org.hibernate.type.BasicTypeReference@1f884bd6
2024-11-11T13:29:46.542-05:00 DEBUG 27224 --- [demo] [           main] org.hibernate.type.BasicTypeRegistry     : Adding type registration java.sql.Timestamp -> org.hibernate.type.BasicTypeReference@1f884bd6
2024-11-11T13:29:46.542-05:00 DEBUG 27224 --- [demo] [           main] org.hibernate.type.BasicTypeRegistry     : Adding type registration java.util.Date -> org.hibernate.type.BasicTypeReference@1f884bd6
2024-11-11T13:29:46.542-05:00 DEBUG 27224 --- [demo] [           main] org.hibernate.type.BasicTypeRegistry     : Adding type registration calendar -> org.hibernate.type.BasicTypeReference@4f081b5d
2024-11-11T13:29:46.542-05:00 DEBUG 27224 --- [demo] [           main] org.hibernate.type.BasicTypeRegistry     : Adding type registration java.util.Calendar -> org.hibernate.type.BasicTypeReference@4f081b5d
2024-11-11T13:29:46.542-05:00 DEBUG 27224 --- [demo] [           main] org.hibernate.type.BasicTypeRegistry     : Adding type registration java.util.GregorianCalendar -> org.hibernate.type.BasicTypeReference@4f081b5d
2024-11-11T13:29:46.542-05:00 DEBUG 27224 --- [demo] [           main] org.hibernate.type.BasicTypeRegistry     : Adding type registration calendar_date -> org.hibernate.type.BasicTypeReference@474749b8
2024-11-11T13:29:46.543-05:00 DEBUG 27224 --- [demo] [           main] org.hibernate.type.BasicTypeRegistry     : Adding type registration calendar_time -> org.hibernate.type.BasicTypeReference@740a0d5e
2024-11-11T13:29:46.543-05:00 DEBUG 27224 --- [demo] [           main] org.hibernate.type.BasicTypeRegistry     : Adding type registration instant -> org.hibernate.type.BasicTypeReference@29013ef2
2024-11-11T13:29:46.543-05:00 DEBUG 27224 --- [demo] [           main] org.hibernate.type.BasicTypeRegistry     : Adding type registration java.time.Instant -> org.hibernate.type.BasicTypeReference@29013ef2
2024-11-11T13:29:46.543-05:00 DEBUG 27224 --- [demo] [           main] org.hibernate.type.BasicTypeRegistry     : Adding type registration uuid -> org.hibernate.type.BasicTypeReference@265c1a7c
2024-11-11T13:29:46.543-05:00 DEBUG 27224 --- [demo] [           main] org.hibernate.type.BasicTypeRegistry     : Adding type registration java.util.UUID -> org.hibernate.type.BasicTypeReference@265c1a7c
2024-11-11T13:29:46.543-05:00 DEBUG 27224 --- [demo] [           main] org.hibernate.type.BasicTypeRegistry     : Adding type registration pg-uuid -> org.hibernate.type.BasicTypeReference@265c1a7c
2024-11-11T13:29:46.543-05:00 DEBUG 27224 --- [demo] [           main] org.hibernate.type.BasicTypeRegistry     : Adding type registration uuid-binary -> org.hibernate.type.BasicTypeReference@5b2b8d86
2024-11-11T13:29:46.543-05:00 DEBUG 27224 --- [demo] [           main] org.hibernate.type.BasicTypeRegistry     : Adding type registration uuid-char -> org.hibernate.type.BasicTypeReference@7fef0b40
2024-11-11T13:29:46.543-05:00 DEBUG 27224 --- [demo] [           main] org.hibernate.type.BasicTypeRegistry     : Adding type registration class -> org.hibernate.type.BasicTypeReference@5f395ce1
2024-11-11T13:29:46.543-05:00 DEBUG 27224 --- [demo] [           main] org.hibernate.type.BasicTypeRegistry     : Adding type registration java.lang.Class -> org.hibernate.type.BasicTypeReference@5f395ce1
2024-11-11T13:29:46.544-05:00 DEBUG 27224 --- [demo] [           main] org.hibernate.type.BasicTypeRegistry     : Adding type registration currency -> org.hibernate.type.BasicTypeReference@19f02280
2024-11-11T13:29:46.544-05:00 DEBUG 27224 --- [demo] [           main] org.hibernate.type.BasicTypeRegistry     : Adding type registration Currency -> org.hibernate.type.BasicTypeReference@19f02280
2024-11-11T13:29:46.544-05:00 DEBUG 27224 --- [demo] [           main] org.hibernate.type.BasicTypeRegistry     : Adding type registration java.util.Currency -> org.hibernate.type.BasicTypeReference@19f02280
2024-11-11T13:29:46.544-05:00 DEBUG 27224 --- [demo] [           main] org.hibernate.type.BasicTypeRegistry     : Adding type registration locale -> org.hibernate.type.BasicTypeReference@1e30db85
2024-11-11T13:29:46.544-05:00 DEBUG 27224 --- [demo] [           main] org.hibernate.type.BasicTypeRegistry     : Adding type registration java.util.Locale -> org.hibernate.type.BasicTypeReference@1e30db85
2024-11-11T13:29:46.544-05:00 DEBUG 27224 --- [demo] [           main] org.hibernate.type.BasicTypeRegistry     : Adding type registration serializable -> org.hibernate.type.BasicTypeReference@19827608
2024-11-11T13:29:46.544-05:00 DEBUG 27224 --- [demo] [           main] org.hibernate.type.BasicTypeRegistry     : Adding type registration java.io.Serializable -> org.hibernate.type.BasicTypeReference@19827608
2024-11-11T13:29:46.544-05:00 DEBUG 27224 --- [demo] [           main] org.hibernate.type.BasicTypeRegistry     : Adding type registration timezone -> org.hibernate.type.BasicTypeReference@cc9ef8d
2024-11-11T13:29:46.544-05:00 DEBUG 27224 --- [demo] [           main] org.hibernate.type.BasicTypeRegistry     : Adding type registration java.util.TimeZone -> org.hibernate.type.BasicTypeReference@cc9ef8d
2024-11-11T13:29:46.544-05:00 DEBUG 27224 --- [demo] [           main] org.hibernate.type.BasicTypeRegistry     : Adding type registration ZoneOffset -> org.hibernate.type.BasicTypeReference@14b528b6
2024-11-11T13:29:46.544-05:00 DEBUG 27224 --- [demo] [           main] org.hibernate.type.BasicTypeRegistry     : Adding type registration java.time.ZoneOffset -> org.hibernate.type.BasicTypeReference@14b528b6
2024-11-11T13:29:46.544-05:00 DEBUG 27224 --- [demo] [           main] org.hibernate.type.BasicTypeRegistry     : Adding type registration url -> org.hibernate.type.BasicTypeReference@c412556
2024-11-11T13:29:46.546-05:00 DEBUG 27224 --- [demo] [           main] org.hibernate.type.BasicTypeRegistry     : Adding type registration java.net.URL -> org.hibernate.type.BasicTypeReference@c412556
2024-11-11T13:29:46.546-05:00 DEBUG 27224 --- [demo] [           main] org.hibernate.type.BasicTypeRegistry     : Adding type registration vector -> org.hibernate.type.BasicTypeReference@6f930e0
2024-11-11T13:29:46.546-05:00 DEBUG 27224 --- [demo] [           main] org.hibernate.type.BasicTypeRegistry     : Adding type registration row_version -> org.hibernate.type.BasicTypeReference@450f0235
2024-11-11T13:29:46.551-05:00 DEBUG 27224 --- [demo] [           main] org.hibernate.type.BasicTypeRegistry     : Adding type registration object -> org.hibernate.type.JavaObjectType@5d71b500
2024-11-11T13:29:46.552-05:00 DEBUG 27224 --- [demo] [           main] org.hibernate.type.BasicTypeRegistry     : Adding type registration java.lang.Object -> org.hibernate.type.JavaObjectType@5d71b500
2024-11-11T13:29:46.553-05:00 DEBUG 27224 --- [demo] [           main] org.hibernate.type.BasicTypeRegistry     : Adding type registration null -> org.hibernate.type.NullType@7f8a9454
2024-11-11T13:29:46.554-05:00 DEBUG 27224 --- [demo] [           main] org.hibernate.type.BasicTypeRegistry     : Adding type registration imm_date -> org.hibernate.type.BasicTypeReference@6f85ee02
2024-11-11T13:29:46.554-05:00 DEBUG 27224 --- [demo] [           main] org.hibernate.type.BasicTypeRegistry     : Adding type registration imm_time -> org.hibernate.type.BasicTypeReference@6c075e9d
2024-11-11T13:29:46.554-05:00 DEBUG 27224 --- [demo] [           main] org.hibernate.type.BasicTypeRegistry     : Adding type registration imm_timestamp -> org.hibernate.type.BasicTypeReference@47044f7d
2024-11-11T13:29:46.554-05:00 DEBUG 27224 --- [demo] [           main] org.hibernate.type.BasicTypeRegistry     : Adding type registration imm_calendar -> org.hibernate.type.BasicTypeReference@7b14c61
2024-11-11T13:29:46.554-05:00 DEBUG 27224 --- [demo] [           main] org.hibernate.type.BasicTypeRegistry     : Adding type registration imm_calendar_date -> org.hibernate.type.BasicTypeReference@8fcc534
2024-11-11T13:29:46.554-05:00 DEBUG 27224 --- [demo] [           main] org.hibernate.type.BasicTypeRegistry     : Adding type registration imm_calendar_time -> org.hibernate.type.BasicTypeReference@5e599100
2024-11-11T13:29:46.554-05:00 DEBUG 27224 --- [demo] [           main] org.hibernate.type.BasicTypeRegistry     : Adding type registration imm_binary -> org.hibernate.type.BasicTypeReference@3b435211
2024-11-11T13:29:46.554-05:00 DEBUG 27224 --- [demo] [           main] org.hibernate.type.BasicTypeRegistry     : Adding type registration imm_serializable -> org.hibernate.type.BasicTypeReference@361cd35c
2024-11-11T13:29:46.861-05:00  INFO 27224 --- [demo] [           main] o.s.o.j.p.SpringPersistenceUnitInfo      : No LoadTimeWeaver setup: ignoring JPA class transformer
2024-11-11T13:29:46.900-05:00  INFO 27224 --- [demo] [           main] com.zaxxer.hikari.HikariDataSource       : HikariPool-1 - Starting...
2024-11-11T13:29:47.416-05:00  INFO 27224 --- [demo] [           main] com.zaxxer.hikari.pool.HikariPool        : HikariPool-1 - Added connection com.mysql.cj.jdbc.ConnectionImpl@365e65bb
2024-11-11T13:29:47.419-05:00  INFO 27224 --- [demo] [           main] com.zaxxer.hikari.HikariDataSource       : HikariPool-1 - Start completed.
2024-11-11T13:29:47.471-05:00  WARN 27224 --- [demo] [           main] o.h.e.j.e.i.JdbcEnvironmentInitiator     : HHH000339: Could not obtain connection metadata: java.sql.SQLSyntaxErrorException: Unknown column 'RESERVED' in 'where clause'
2024-11-11T13:29:47.499-05:00  WARN 27224 --- [demo] [           main] org.hibernate.orm.deprecation            : HHH90000025: MySQL8Dialect does not need to be specified explicitly using 'hibernate.dialect' (remove the property setting and it will be selected by default)
2024-11-11T13:29:47.500-05:00  WARN 27224 --- [demo] [           main] org.hibernate.orm.deprecation            : HHH90000026: MySQL8Dialect has been deprecated; use org.hibernate.dialect.MySQLDialect instead
2024-11-11T13:29:47.535-05:00 DEBUG 27224 --- [demo] [           main] o.h.t.d.sql.spi.DdlTypeRegistry          : addDescriptor(12, org.hibernate.type.descriptor.sql.internal.CapacityDependentDdlType@30704f85) replaced previous registration(org.hibernate.type.descriptor.sql.internal.CapacityDependentDdlType@2b99c937)
2024-11-11T13:29:47.535-05:00 DEBUG 27224 --- [demo] [           main] o.h.t.d.sql.spi.DdlTypeRegistry          : addDescriptor(-9, org.hibernate.type.descriptor.sql.internal.CapacityDependentDdlType@26c59348) replaced previous registration(org.hibernate.type.descriptor.sql.internal.CapacityDependentDdlType@1de12397)
2024-11-11T13:29:47.535-05:00 DEBUG 27224 --- [demo] [           main] o.h.t.d.sql.spi.DdlTypeRegistry          : addDescriptor(-3, org.hibernate.type.descriptor.sql.internal.CapacityDependentDdlType@2f5f5bc9) replaced previous registration(org.hibernate.type.descriptor.sql.internal.CapacityDependentDdlType@4aeaff64)
2024-11-11T13:29:47.536-05:00 DEBUG 27224 --- [demo] [           main] o.h.t.d.sql.spi.DdlTypeRegistry          : addDescriptor(4003, org.hibernate.type.descriptor.sql.internal.DdlTypeImpl@403f7aa2) replaced previous registration(org.hibernate.type.descriptor.sql.internal.DdlTypeImpl@545604a9)
2024-11-11T13:29:47.536-05:00 DEBUG 27224 --- [demo] [           main] o.h.t.d.sql.spi.DdlTypeRegistry          : addDescriptor(4001, org.hibernate.type.descriptor.sql.internal.DdlTypeImpl@1029cf9) replaced previous registration(org.hibernate.type.descriptor.sql.internal.DdlTypeImpl@1c0e4262)
2024-11-11T13:29:47.536-05:00 DEBUG 27224 --- [demo] [           main] o.h.t.d.sql.spi.DdlTypeRegistry          : addDescriptor(4002, org.hibernate.type.descriptor.sql.internal.DdlTypeImpl@27dfd12b) replaced previous registration(org.hibernate.type.descriptor.sql.internal.DdlTypeImpl@4348fa35)
2024-11-11T13:29:47.536-05:00 DEBUG 27224 --- [demo] [           main] o.h.t.d.sql.spi.DdlTypeRegistry          : addDescriptor(2004, org.hibernate.type.descriptor.sql.internal.CapacityDependentDdlType@563843f1) replaced previous registration(org.hibernate.type.descriptor.sql.internal.DdlTypeImpl@38cb1606)
2024-11-11T13:29:47.536-05:00 DEBUG 27224 --- [demo] [           main] o.h.t.d.sql.spi.DdlTypeRegistry          : addDescriptor(2005, org.hibernate.type.descriptor.sql.internal.CapacityDependentDdlType@61c4cebd) replaced previous registration(org.hibernate.type.descriptor.sql.internal.DdlTypeImpl@655909e2)
2024-11-11T13:29:47.537-05:00 DEBUG 27224 --- [demo] [           main] o.h.t.d.sql.spi.DdlTypeRegistry          : addDescriptor(2011, org.hibernate.type.descriptor.sql.internal.CapacityDependentDdlType@716ae973) replaced previous registration(org.hibernate.type.descriptor.sql.internal.DdlTypeImpl@1171ba7e)
2024-11-11T13:29:47.540-05:00 DEBUG 27224 --- [demo] [           main] o.h.t.d.jdbc.spi.JdbcTypeRegistry        : addDescriptor(NCharTypeDescriptor) replaced previous registration(CharTypeDescriptor)
2024-11-11T13:29:47.540-05:00 DEBUG 27224 --- [demo] [           main] o.h.t.d.jdbc.spi.JdbcTypeRegistry        : addDescriptor(NVarcharTypeDescriptor) replaced previous registration(VarcharTypeDescriptor)
2024-11-11T13:29:47.541-05:00 DEBUG 27224 --- [demo] [           main] o.h.t.d.jdbc.spi.JdbcTypeRegistry        : addDescriptor(LongNVarcharTypeDescriptor) replaced previous registration(LongVarcharTypeDescriptor)
2024-11-11T13:29:47.545-05:00 DEBUG 27224 --- [demo] [           main] o.h.t.d.jdbc.spi.JdbcTypeRegistry        : addDescriptor(NClobTypeDescriptor(DEFAULT)) replaced previous registration(ClobTypeDescriptor(DEFAULT))
2024-11-11T13:29:47.546-05:00 DEBUG 27224 --- [demo] [           main] o.h.t.d.jdbc.spi.JdbcTypeRegistry        : addDescriptor(2005, ClobTypeDescriptor(STREAM_BINDING)) replaced previous registration(ClobTypeDescriptor(DEFAULT))
2024-11-11T13:29:47.551-05:00 DEBUG 27224 --- [demo] [           main] org.hibernate.type.BasicTypeRegistry     : Adding type registration null -> org.hibernate.type.NullType@4b360972
2024-11-11T13:29:47.552-05:00 DEBUG 27224 --- [demo] [           main] org.hibernate.type.BasicTypeRegistry     : Type registration key [null] overrode previous entry : `org.hibernate.type.NullType@7f8a9454`
2024-11-11T13:29:47.559-05:00 DEBUG 27224 --- [demo] [           main] org.hibernate.type.BasicTypeRegistry     : Adding type registration org.hibernate.type.DurationType -> basicType@1(java.time.Duration,3015)
2024-11-11T13:29:47.559-05:00 DEBUG 27224 --- [demo] [           main] org.hibernate.type.BasicTypeRegistry     : Adding type registration Duration -> basicType@1(java.time.Duration,3015)
2024-11-11T13:29:47.559-05:00 DEBUG 27224 --- [demo] [           main] org.hibernate.type.BasicTypeRegistry     : Adding type registration java.time.Duration -> basicType@1(java.time.Duration,3015)
2024-11-11T13:29:47.564-05:00 DEBUG 27224 --- [demo] [           main] org.hibernate.type.BasicTypeRegistry     : Adding type registration org.hibernate.type.OffsetDateTimeType -> basicType@2(java.time.OffsetDateTime,3003)
2024-11-11T13:29:47.565-05:00 DEBUG 27224 --- [demo] [           main] org.hibernate.type.BasicTypeRegistry     : Adding type registration OffsetDateTime -> basicType@2(java.time.OffsetDateTime,3003)
2024-11-11T13:29:47.565-05:00 DEBUG 27224 --- [demo] [           main] org.hibernate.type.BasicTypeRegistry     : Adding type registration java.time.OffsetDateTime -> basicType@2(java.time.OffsetDateTime,3003)
2024-11-11T13:29:47.565-05:00 DEBUG 27224 --- [demo] [           main] org.hibernate.type.BasicTypeRegistry     : Adding type registration org.hibernate.type.ZonedDateTimeType -> basicType@3(java.time.ZonedDateTime,3003)
2024-11-11T13:29:47.565-05:00 DEBUG 27224 --- [demo] [           main] org.hibernate.type.BasicTypeRegistry     : Adding type registration ZonedDateTime -> basicType@3(java.time.ZonedDateTime,3003)
2024-11-11T13:29:47.565-05:00 DEBUG 27224 --- [demo] [           main] org.hibernate.type.BasicTypeRegistry     : Adding type registration java.time.ZonedDateTime -> basicType@3(java.time.ZonedDateTime,3003)
2024-11-11T13:29:47.566-05:00 DEBUG 27224 --- [demo] [           main] org.hibernate.type.BasicTypeRegistry     : Adding type registration org.hibernate.type.OffsetTimeType -> basicType@4(java.time.OffsetTime,3007)
2024-11-11T13:29:47.566-05:00 DEBUG 27224 --- [demo] [           main] org.hibernate.type.BasicTypeRegistry     : Adding type registration OffsetTime -> basicType@4(java.time.OffsetTime,3007)
2024-11-11T13:29:47.566-05:00 DEBUG 27224 --- [demo] [           main] org.hibernate.type.BasicTypeRegistry     : Adding type registration java.time.OffsetTime -> basicType@4(java.time.OffsetTime,3007)
2024-11-11T13:29:47.568-05:00 DEBUG 27224 --- [demo] [           main] o.h.type.spi.TypeConfiguration$Scope     : Scoping TypeConfiguration [org.hibernate.type.spi.TypeConfiguration@628b503a] to MetadataBuildingContext [org.hibernate.boot.internal.MetadataBuildingContextRootImpl@2558f65c]
2024-11-11T13:29:48.880-05:00  INFO 27224 --- [demo] [           main] o.h.e.t.j.p.i.JtaPlatformInitiator       : HHH000489: No JTA platform available (set 'hibernate.transaction.jta.platform' to enable JTA platform integration)
2024-11-11T13:29:48.881-05:00 DEBUG 27224 --- [demo] [           main] o.h.type.spi.TypeConfiguration$Scope     : Scoping TypeConfiguration [org.hibernate.type.spi.TypeConfiguration@628b503a] to SessionFactoryImplementor [org.hibernate.internal.SessionFactoryImpl@4687c184]
2024-11-11T13:29:49.126-05:00 DEBUG 27224 --- [demo] [           main] org.hibernate.SQL                        : alter table perfil_empresa add column hora_apertura time(6)
Hibernate: alter table perfil_empresa add column hora_apertura time(6)
2024-11-11T13:29:49.141-05:00 DEBUG 27224 --- [demo] [           main] org.hibernate.SQL                        : alter table perfil_empresa add column hora_cierre time(6)
Hibernate: alter table perfil_empresa add column hora_cierre time(6)
2024-11-11T13:29:49.591-05:00 TRACE 27224 --- [demo] [           main] o.h.type.spi.TypeConfiguration$Scope     : Handling #sessionFactoryCreated from [org.hibernate.internal.SessionFactoryImpl@4687c184] for TypeConfiguration
2024-11-11T13:29:49.591-05:00  INFO 27224 --- [demo] [           main] j.LocalContainerEntityManagerFactoryBean : Initialized JPA EntityManagerFactory for persistence unit 'default'
2024-11-11T13:29:50.410-05:00  WARN 27224 --- [demo] [           main] JpaBaseConfiguration$JpaWebConfiguration : spring.jpa.open-in-view is enabled by default. Therefore, database queries may be performed during view rendering. Explicitly configure spring.jpa.open-in-view to disable this warning
2024-11-11T13:29:51.045-05:00  INFO 27224 --- [demo] [           main] com.example.demo.DemoApplicationTests    : Started DemoApplicationTests in 6.791 seconds (process running for 7.911)
]]></system-out>
    <system-err><![CDATA[WARNING: A Java agent has been loaded dynamically (C:\Users\andre\.m2\repository\net\bytebuddy\byte-buddy-agent\1.14.19\byte-buddy-agent-1.14.19.jar)
WARNING: If a serviceability tool is in use, please run with -XX:+EnableDynamicAgentLoading to hide this warning
WARNING: If a serviceability tool is not in use, please run with -Djdk.instrument.traceUsage for more information
WARNING: Dynamic loading of agents will be disallowed by default in a future release
]]></system-err>
  </testcase>
</testsuite>